\BOOKMARK [1][-]{chapter*.1}{Abbildungsverzeichnis}{}% 1
\BOOKMARK [1][-]{chapter*.2}{Tabellenverzeichnis}{}% 2
\BOOKMARK [1][-]{chapter*.3}{Akronyme}{}% 3
\BOOKMARK [0][-]{chapter.1}{Einf\374hrung in die Problematik}{}% 4
\BOOKMARK [-1][-]{part.1}{I Anforderungen}{}% 5
\BOOKMARK [0][-]{chapter.2}{Einsatzgebiet}{part.1}% 6
\BOOKMARK [1][-]{section.2.1}{Modell des Problembereichs}{chapter.2}% 7
\BOOKMARK [1][-]{section.2.2}{Gesch\344ftsprozesse}{chapter.2}% 8
\BOOKMARK [0][-]{chapter.3}{Produktfunktionen}{part.1}% 9
\BOOKMARK [1][-]{section.3.1}{Nutzergruppen}{chapter.3}% 10
\BOOKMARK [2][-]{subsection.3.1.1}{Feldingenieure}{section.3.1}% 11
\BOOKMARK [2][-]{subsection.3.1.2}{B\374rokraft}{section.3.1}% 12
\BOOKMARK [1][-]{section.3.2}{Anwendungsf\344lle}{chapter.3}% 13
\BOOKMARK [2][-]{subsection.3.2.1}{Management}{section.3.2}% 14
\BOOKMARK [2][-]{subsection.3.2.2}{Messungen}{section.3.2}% 15
\BOOKMARK [2][-]{subsection.3.2.3}{Analyse}{section.3.2}% 16
\BOOKMARK [0][-]{chapter.4}{Nicht-funktionale Anforderungen}{part.1}% 17
\BOOKMARK [0][-]{chapter.5}{Prototyp}{part.1}% 18
\BOOKMARK [-1][-]{part.2}{II Architektur}{}% 19
\BOOKMARK [0][-]{chapter.6}{Werkzeuge}{part.2}% 20
\BOOKMARK [1][-]{section.6.1}{Bauwerks\374berwachung}{chapter.6}% 21
\BOOKMARK [2][-]{subsection.6.1.1}{Sensortypen}{section.6.1}% 22
\BOOKMARK [1][-]{section.6.2}{Assistenzkonzept}{chapter.6}% 23
\BOOKMARK [1][-]{section.6.3}{Sensornetzwerke}{chapter.6}% 24
\BOOKMARK [1][-]{section.6.4}{Dateninfrastruktur}{chapter.6}% 25
\BOOKMARK [2][-]{subsection.6.4.1}{OGC Sensor Web Enablement}{section.6.4}% 26
\BOOKMARK [2][-]{subsection.6.4.2}{Datentypen und Datenformate}{section.6.4}% 27
\BOOKMARK [1][-]{section.6.5}{Datenrepr\344sentation und Visualisierung}{chapter.6}% 28
\BOOKMARK [1][-]{section.6.6}{Mobile Dienste}{chapter.6}% 29
\BOOKMARK [0][-]{chapter.7}{Softwareentwurf}{part.2}% 30
\BOOKMARK [-1][-]{part.3}{III Diskussion}{}% 31
