This is pdfTeX, Version 3.1415926-2.4-1.40.13 (TeX Live 2012/Debian) (format=pdflatex 2013.4.3)  18 APR 2013 20:55
entering extended mode
 restricted \write18 enabled.
 %&-line parsing enabled.
**all.tex
(./all.tex
LaTeX2e <2011/06/27>
Babel <v3.8m> and hyphenation patterns for english, dumylang, nohyphenation, lo
aded.
(/usr/share/texlive/texmf-dist/tex/latex/base/article.cls
Document Class: article 2007/10/19 v1.4h Standard LaTeX document class
(/usr/share/texlive/texmf-dist/tex/latex/base/size11.clo
File: size11.clo 2007/10/19 v1.4h Standard LaTeX file (size option)
)
\c@part=\count79
\c@section=\count80
\c@subsection=\count81
\c@subsubsection=\count82
\c@paragraph=\count83
\c@subparagraph=\count84
\c@figure=\count85
\c@table=\count86
\abovecaptionskip=\skip41
\belowcaptionskip=\skip42
\bibindent=\dimen102
)
(/usr/share/texlive/texmf-dist/tex/latex/amsmath/amsmath.sty
Package: amsmath 2000/07/18 v2.13 AMS math features
\@mathmargin=\skip43

For additional information on amsmath, use the `?' option.
(/usr/share/texlive/texmf-dist/tex/latex/amsmath/amstext.sty
Package: amstext 2000/06/29 v2.01

(/usr/share/texlive/texmf-dist/tex/latex/amsmath/amsgen.sty
File: amsgen.sty 1999/11/30 v2.0
\@emptytoks=\toks14
\ex@=\dimen103
))
(/usr/share/texlive/texmf-dist/tex/latex/amsmath/amsbsy.sty
Package: amsbsy 1999/11/29 v1.2d
\pmbraise@=\dimen104
)
(/usr/share/texlive/texmf-dist/tex/latex/amsmath/amsopn.sty
Package: amsopn 1999/12/14 v2.01 operator names
)
\inf@bad=\count87
LaTeX Info: Redefining \frac on input line 211.
\uproot@=\count88
\leftroot@=\count89
LaTeX Info: Redefining \overline on input line 307.
\classnum@=\count90
\DOTSCASE@=\count91
LaTeX Info: Redefining \ldots on input line 379.
LaTeX Info: Redefining \dots on input line 382.
LaTeX Info: Redefining \cdots on input line 467.
\Mathstrutbox@=\box26
\strutbox@=\box27
\big@size=\dimen105
LaTeX Font Info:    Redeclaring font encoding OML on input line 567.
LaTeX Font Info:    Redeclaring font encoding OMS on input line 568.
\macc@depth=\count92
\c@MaxMatrixCols=\count93
\dotsspace@=\muskip10
\c@parentequation=\count94
\dspbrk@lvl=\count95
\tag@help=\toks15
\row@=\count96
\column@=\count97
\maxfields@=\count98
\andhelp@=\toks16
\eqnshift@=\dimen106
\alignsep@=\dimen107
\tagshift@=\dimen108
\tagwidth@=\dimen109
\totwidth@=\dimen110
\lineht@=\dimen111
\@envbody=\toks17
\multlinegap=\skip44
\multlinetaggap=\skip45
\mathdisplay@stack=\toks18
LaTeX Info: Redefining \[ on input line 2666.
LaTeX Info: Redefining \] on input line 2667.
)
(/usr/share/texlive/texmf-dist/tex/latex/amsfonts/amssymb.sty
Package: amssymb 2009/06/22 v3.00

(/usr/share/texlive/texmf-dist/tex/latex/amsfonts/amsfonts.sty
Package: amsfonts 2009/06/22 v3.00 Basic AMSFonts support
\symAMSa=\mathgroup4
\symAMSb=\mathgroup5
LaTeX Font Info:    Overwriting math alphabet `\mathfrak' in version `bold'
(Font)                  U/euf/m/n --> U/euf/b/n on input line 96.
))
(/usr/share/texlive/texmf-dist/tex/latex/amscls/amsthm.sty
Package: amsthm 2009/07/02 v2.20.1
\thm@style=\toks19
\thm@bodyfont=\toks20
\thm@headfont=\toks21
\thm@notefont=\toks22
\thm@headpunct=\toks23
\thm@preskip=\skip46
\thm@postskip=\skip47
\thm@headsep=\skip48
\dth@everypar=\toks24
)
(/usr/share/texlive/texmf-dist/tex/latex/graphics/graphicx.sty
Package: graphicx 1999/02/16 v1.0f Enhanced LaTeX Graphics (DPC,SPQR)

(/usr/share/texlive/texmf-dist/tex/latex/graphics/keyval.sty
Package: keyval 1999/03/16 v1.13 key=value parser (DPC)
\KV@toks@=\toks25
)
(/usr/share/texlive/texmf-dist/tex/latex/graphics/graphics.sty
Package: graphics 2009/02/05 v1.0o Standard LaTeX Graphics (DPC,SPQR)

(/usr/share/texlive/texmf-dist/tex/latex/graphics/trig.sty
Package: trig 1999/03/16 v1.09 sin cos tan (DPC)
)
(/usr/share/texlive/texmf-dist/tex/latex/latexconfig/graphics.cfg
File: graphics.cfg 2010/04/23 v1.9 graphics configuration of TeX Live
)
Package graphics Info: Driver file: pdftex.def on input line 91.

(/usr/share/texlive/texmf-dist/tex/latex/pdftex-def/pdftex.def
File: pdftex.def 2011/05/27 v0.06d Graphics/color for pdfTeX

(/usr/share/texlive/texmf-dist/tex/generic/oberdiek/infwarerr.sty
Package: infwarerr 2010/04/08 v1.3 Providing info/warning/error messages (HO)
)
(/usr/share/texlive/texmf-dist/tex/generic/oberdiek/ltxcmds.sty
Package: ltxcmds 2011/11/09 v1.22 LaTeX kernel commands for general use (HO)
)
\Gread@gobject=\count99
))
\Gin@req@height=\dimen112
\Gin@req@width=\dimen113
)
(/usr/share/texlive/texmf-dist/tex/latex/hyperref/hyperref.sty
Package: hyperref 2012/05/13 v6.82q Hypertext links for LaTeX

(/usr/share/texlive/texmf-dist/tex/generic/oberdiek/hobsub-hyperref.sty
Package: hobsub-hyperref 2012/05/28 v1.13 Bundle oberdiek, subset hyperref (HO)


(/usr/share/texlive/texmf-dist/tex/generic/oberdiek/hobsub-generic.sty
Package: hobsub-generic 2012/05/28 v1.13 Bundle oberdiek, subset generic (HO)
Package: hobsub 2012/05/28 v1.13 Construct package bundles (HO)
Package hobsub Info: Skipping package `infwarerr' (already loaded).
Package hobsub Info: Skipping package `ltxcmds' (already loaded).
Package: ifluatex 2010/03/01 v1.3 Provides the ifluatex switch (HO)
Package ifluatex Info: LuaTeX not detected.
Package: ifvtex 2010/03/01 v1.5 Detect VTeX and its facilities (HO)
Package ifvtex Info: VTeX not detected.
Package: intcalc 2007/09/27 v1.1 Expandable calculations with integers (HO)
Package: ifpdf 2011/01/30 v2.3 Provides the ifpdf switch (HO)
Package ifpdf Info: pdfTeX in PDF mode is detected.
Package: etexcmds 2011/02/16 v1.5 Avoid name clashes with e-TeX commands (HO)
Package etexcmds Info: Could not find \expanded.
(etexcmds)             That can mean that you are not using pdfTeX 1.50 or
(etexcmds)             that some package has redefined \expanded.
(etexcmds)             In the latter case, load this package earlier.
Package: kvsetkeys 2012/04/25 v1.16 Key value parser (HO)
Package: kvdefinekeys 2011/04/07 v1.3 Define keys (HO)
Package: pdftexcmds 2011/11/29 v0.20 Utility functions of pdfTeX for LuaTeX (HO
)
Package pdftexcmds Info: LuaTeX not detected.
Package pdftexcmds Info: \pdf@primitive is available.
Package pdftexcmds Info: \pdf@ifprimitive is available.
Package pdftexcmds Info: \pdfdraftmode found.
Package: pdfescape 2011/11/25 v1.13 Implements pdfTeX's escape features (HO)
Package: bigintcalc 2012/04/08 v1.3 Expandable calculations on big integers (HO
)
Package: bitset 2011/01/30 v1.1 Handle bit-vector datatype (HO)
Package: uniquecounter 2011/01/30 v1.2 Provide unlimited unique counter (HO)
)
Package hobsub Info: Skipping package `hobsub' (already loaded).
Package: letltxmacro 2010/09/02 v1.4 Let assignment for LaTeX macros (HO)
Package: hopatch 2012/05/28 v1.2 Wrapper for package hooks (HO)
Package: xcolor-patch 2011/01/30 xcolor patch
Package: atveryend 2011/06/30 v1.8 Hooks at the very end of document (HO)
Package atveryend Info: \enddocument detected (standard20110627).
Package: atbegshi 2011/10/05 v1.16 At begin shipout hook (HO)
Package: refcount 2011/10/16 v3.4 Data extraction from label references (HO)
Package: hycolor 2011/01/30 v1.7 Color options for hyperref/bookmark (HO)
)
(/usr/share/texlive/texmf-dist/tex/generic/ifxetex/ifxetex.sty
Package: ifxetex 2010/09/12 v0.6 Provides ifxetex conditional
)
(/usr/share/texlive/texmf-dist/tex/latex/oberdiek/kvoptions.sty
Package: kvoptions 2011/06/30 v3.11 Key value format for package options (HO)
)
\@linkdim=\dimen114
\Hy@linkcounter=\count100
\Hy@pagecounter=\count101

(/usr/share/texlive/texmf-dist/tex/latex/hyperref/pd1enc.def
File: pd1enc.def 2012/05/13 v6.82q Hyperref: PDFDocEncoding definition (HO)
)
\Hy@SavedSpaceFactor=\count102

(/usr/share/texlive/texmf-dist/tex/latex/latexconfig/hyperref.cfg
File: hyperref.cfg 2002/06/06 v1.2 hyperref configuration of TeXLive
)
Package hyperref Info: Hyper figures OFF on input line 4062.
Package hyperref Info: Link nesting OFF on input line 4067.
Package hyperref Info: Hyper index ON on input line 4070.
Package hyperref Info: Plain pages OFF on input line 4077.
Package hyperref Info: Backreferencing OFF on input line 4082.
Package hyperref Info: Implicit mode ON; LaTeX internals redefined.
Package hyperref Info: Bookmarks ON on input line 4300.
\c@Hy@tempcnt=\count103

(/usr/share/texlive/texmf-dist/tex/latex/url/url.sty
\Urlmuskip=\muskip11
Package: url 2006/04/12  ver 3.3  Verb mode for urls, etc.
)
LaTeX Info: Redefining \url on input line 4653.
\Fld@menulength=\count104
\Field@Width=\dimen115
\Fld@charsize=\dimen116
Package hyperref Info: Hyper figures OFF on input line 5773.
Package hyperref Info: Link nesting OFF on input line 5778.
Package hyperref Info: Hyper index ON on input line 5781.
Package hyperref Info: backreferencing OFF on input line 5788.
Package hyperref Info: Link coloring OFF on input line 5793.
Package hyperref Info: Link coloring with OCG OFF on input line 5798.
Package hyperref Info: PDF/A mode OFF on input line 5803.
LaTeX Info: Redefining \ref on input line 5843.
LaTeX Info: Redefining \pageref on input line 5847.
\Hy@abspage=\count105
\c@Item=\count106
\c@Hfootnote=\count107
)

Package hyperref Message: Driver (autodetected): hpdftex.

(/usr/share/texlive/texmf-dist/tex/latex/hyperref/hpdftex.def
File: hpdftex.def 2012/05/13 v6.82q Hyperref driver for pdfTeX
\Fld@listcount=\count108
\c@bookmark@seq@number=\count109

(/usr/share/texlive/texmf-dist/tex/latex/oberdiek/rerunfilecheck.sty
Package: rerunfilecheck 2011/04/15 v1.7 Rerun checks for auxiliary files (HO)
Package uniquecounter Info: New unique counter `rerunfilecheck' on input line 2
82.
)
\Hy@SectionHShift=\skip49
)
(/usr/share/texlive/texmf-dist/tex/latex/natbib/natbib.sty
Package: natbib 2010/09/13 8.31b (PWD, AO)
\bibhang=\skip50
\bibsep=\skip51
LaTeX Info: Redefining \cite on input line 694.
\c@NAT@ctr=\count110
)
(/usr/share/texlive/texmf-dist/tex/latex/base/alltt.sty
Package: alltt 1997/06/16 v2.0g defines alltt environment
)
(/usr/share/texlive/texmf-dist/tex/latex/listings/listings.sty
\lst@mode=\count111
\lst@gtempboxa=\box28
\lst@token=\toks26
\lst@length=\count112
\lst@currlwidth=\dimen117
\lst@column=\count113
\lst@pos=\count114
\lst@lostspace=\dimen118
\lst@width=\dimen119
\lst@newlines=\count115
\lst@lineno=\count116
\lst@maxwidth=\dimen120

(/usr/share/texlive/texmf-dist/tex/latex/listings/lstmisc.sty
File: lstmisc.sty 2007/02/22 1.4 (Carsten Heinz)
\c@lstnumber=\count117
\lst@skipnumbers=\count118
\lst@framebox=\box29
)
(/usr/share/texlive/texmf-dist/tex/latex/listings/listings.cfg
File: listings.cfg 2007/02/22 1.4 listings configuration
))
Package: listings 2007/02/22 1.4 (Carsten Heinz)

(/usr/share/texlive/texmf-dist/tex/latex/rotating/rotating.sty
Package: rotating 2009/03/28 v2.16a rotated objects in LaTeX

(/usr/share/texlive/texmf-dist/tex/latex/base/ifthen.sty
Package: ifthen 2001/05/26 v1.1c Standard LaTeX ifthen package (DPC)
)
\c@r@tfl@t=\count119
\rotFPtop=\skip52
\rotFPbot=\skip53
\rot@float@box=\box30
\rot@mess@toks=\toks27
)
(/usr/share/texlive/texmf-dist/tex/latex/cite/cite.sty
LaTeX Info: Redefining \cite on input line 302.
LaTeX Info: Redefining \nocite on input line 373.
Package: cite 2010/09/10  v 5.3
)
(/usr/share/texlive/texmf-dist/tex/latex/tools/multicol.sty
Package: multicol 2011/06/27 v1.7a multicolumn formatting (FMi)
\c@tracingmulticols=\count120
\mult@box=\box31
\multicol@leftmargin=\dimen121
\c@unbalance=\count121
\c@collectmore=\count122
\doublecol@number=\count123
\multicoltolerance=\count124
\multicolpretolerance=\count125
\full@width=\dimen122
\page@free=\dimen123
\premulticols=\dimen124
\postmulticols=\dimen125
\multicolsep=\skip54
\multicolbaselineskip=\skip55
\partial@page=\box32
\last@line=\box33
\mult@rightbox=\box34
\mult@grightbox=\box35
\mult@gfirstbox=\box36
\mult@firstbox=\box37
\@tempa=\box38
\@tempa=\box39
\@tempa=\box40
\@tempa=\box41
\@tempa=\box42
\@tempa=\box43
\@tempa=\box44
\@tempa=\box45
\@tempa=\box46
\@tempa=\box47
\@tempa=\box48
\@tempa=\box49
\@tempa=\box50
\@tempa=\box51
\@tempa=\box52
\@tempa=\box53
\@tempa=\box54
\c@columnbadness=\count126
\c@finalcolumnbadness=\count127
\last@try=\dimen126
\multicolovershoot=\dimen127
\multicolundershoot=\dimen128
\mult@nat@firstbox=\box55
\colbreak@box=\box56
\multicol@sort@counter=\count128
)
(/usr/share/texlive/texmf-dist/tex/latex/multirow/multirow.sty
\bigstrutjot=\dimen129
)
(/usr/share/texlive/texmf-dist/tex/latex/subfig/subfig.sty
Package: subfig 2005/06/28 ver: 1.3 subfig package

(/usr/share/texlive/texmf-dist/tex/latex/caption/caption.sty
Package: caption 2012/02/19 v3.2f Customizing captions (AR)

(/usr/share/texlive/texmf-dist/tex/latex/caption/caption3.sty
Package: caption3 2012/01/12 v1.4b caption3 kernel (AR)
\captionmargin=\dimen130
\captionmargin@=\dimen131
\captionwidth=\dimen132
\caption@indent=\dimen133
\caption@parindent=\dimen134
\caption@hangindent=\dimen135
)
\c@ContinuedFloat=\count129
Package caption Info: hyperref package is loaded.
Package caption Info: listings package is loaded.
Package caption Info: rotating package is loaded.
)
\c@KVtest=\count130
\sf@farskip=\skip56
\sf@captopadj=\dimen136
\sf@capskip=\skip57
\sf@nearskip=\skip58
\c@subfigure=\count131
\c@subfigure@save=\count132
\c@lofdepth=\count133
\c@subtable=\count134
\c@subtable@save=\count135
\c@lotdepth=\count136
\sf@top=\skip59
\sf@bottom=\skip60
)
(/usr/share/texlive/texmf-dist/tex/latex/geometry/geometry.sty
Package: geometry 2010/09/12 v5.6 Page Geometry
\Gm@cnth=\count137
\Gm@cntv=\count138
\c@Gm@tempcnt=\count139
\Gm@bindingoffset=\dimen137
\Gm@wd@mp=\dimen138
\Gm@odd@mp=\dimen139
\Gm@even@mp=\dimen140
\Gm@layoutwidth=\dimen141
\Gm@layoutheight=\dimen142
\Gm@layouthoffset=\dimen143
\Gm@layoutvoffset=\dimen144
\Gm@dimlist=\toks28
)
(/usr/share/texlive/texmf-dist/tex/latex/parskip/parskip.sty
Package: parskip 2001/04/09 non-zero parskip adjustments
)
(/usr/share/texlive/texmf-dist/tex/latex/oberdiek/epstopdf.sty
Package: epstopdf 2010/02/09 v2.5 Conversion with epstopdf on the fly (HO)

(/usr/share/texlive/texmf-dist/tex/latex/oberdiek/epstopdf-base.sty
Package: epstopdf-base 2010/02/09 v2.5 Base part for package epstopdf

(/usr/share/texlive/texmf-dist/tex/latex/oberdiek/grfext.sty
Package: grfext 2010/08/19 v1.1 Manage graphics extensions (HO)
)
Package grfext Info: Graphics extension search list:
(grfext)             [.png,.pdf,.jpg,.mps,.jpeg,.jbig2,.jb2,.PNG,.PDF,.JPG,.JPE
G,.JBIG2,.JB2,.eps]
(grfext)             \AppendGraphicsExtensions on input line 452.

(/usr/share/texlive/texmf-dist/tex/latex/latexconfig/epstopdf-sys.cfg
File: epstopdf-sys.cfg 2010/07/13 v1.3 Configuration of (r)epstopdf for TeX Liv
e
)))
(/usr/share/texlive/texmf-dist/tex/latex/graphics/color.sty
Package: color 2005/11/14 v1.0j Standard LaTeX Color (DPC)

(/usr/share/texlive/texmf-dist/tex/latex/latexconfig/color.cfg
File: color.cfg 2007/01/18 v1.5 color configuration of teTeX/TeXLive
)
Package color Info: Driver file: pdftex.def on input line 130.
)
(/usr/share/texlive/texmf-dist/tex/latex/koma-script/scrpage2.sty
Package: scrpage2 2010/04/22 v2.5 LaTeX2e KOMA-Script package
) (./all.aux)
\openout1 = `all.aux'.

LaTeX Font Info:    Checking defaults for OML/cmm/m/it on input line 96.
LaTeX Font Info:    ... okay on input line 96.
LaTeX Font Info:    Checking defaults for T1/cmr/m/n on input line 96.
LaTeX Font Info:    ... okay on input line 96.
LaTeX Font Info:    Checking defaults for OT1/cmr/m/n on input line 96.
LaTeX Font Info:    ... okay on input line 96.
LaTeX Font Info:    Checking defaults for OMS/cmsy/m/n on input line 96.
LaTeX Font Info:    ... okay on input line 96.
LaTeX Font Info:    Checking defaults for OMX/cmex/m/n on input line 96.
LaTeX Font Info:    ... okay on input line 96.
LaTeX Font Info:    Checking defaults for U/cmr/m/n on input line 96.
LaTeX Font Info:    ... okay on input line 96.
LaTeX Font Info:    Checking defaults for PD1/pdf/m/n on input line 96.
LaTeX Font Info:    ... okay on input line 96.

(/usr/share/texlive/texmf-dist/tex/context/base/supp-pdf.mkii
[Loading MPS to PDF converter (version 2006.09.02).]
\scratchcounter=\count140
\scratchdimen=\dimen145
\scratchbox=\box57
\nofMPsegments=\count141
\nofMParguments=\count142
\everyMPshowfont=\toks29
\MPscratchCnt=\count143
\MPscratchDim=\dimen146
\MPnumerator=\count144
\makeMPintoPDFobject=\count145
\everyMPtoPDFconversion=\toks30
)
\AtBeginShipoutBox=\box58
Package hyperref Info: Link coloring OFF on input line 96.
 (/usr/share/texlive/texmf-dist/tex/latex/hyperref/nameref.sty
Package: nameref 2010/04/30 v2.40 Cross-referencing by name of section

(/usr/share/texlive/texmf-dist/tex/generic/oberdiek/gettitlestring.sty
Package: gettitlestring 2010/12/03 v1.4 Cleanup title references (HO)
)
\c@section@level=\count146
)
LaTeX Info: Redefining \ref on input line 96.
LaTeX Info: Redefining \pageref on input line 96.
LaTeX Info: Redefining \nameref on input line 96.

(./all.out) (./all.out)
\@outlinefile=\write3
\openout3 = `all.out'.

\c@lstlisting=\count147
Package caption Info: Begin \AtBeginDocument code.
Package caption Info: subfig package v1.3 is loaded.
Package caption Info: End \AtBeginDocument code.

*geometry* driver: auto-detecting
*geometry* detected driver: pdftex
*geometry* verbose mode - [ preamble ] result:
* driver: pdftex
* paper: a4paper
* layout: <same size as paper>
* layoutoffset:(h,v)=(0.0pt,0.0pt)
* modes: 
* h-part:(L,W,R)=(89.62709pt, 418.25368pt, 89.6271pt)
* v-part:(T,H,B)=(101.40665pt, 591.5302pt, 152.11pt)
* \paperwidth=597.50787pt
* \paperheight=845.04684pt
* \textwidth=469.47046pt
* \textheight=682.86613pt
* \oddsidemargin=85.35826pt
* \evensidemargin=85.35826pt
* \topmargin=28.45274pt
* \headheight=14.96008pt
* \headsep=25.0pt
* \topskip=11.0pt
* \footskip=30.0pt
* \marginparwidth=50.0pt
* \marginparsep=10.0pt
* \columnsep=10.0pt
* \skip\footins=10.0pt plus 4.0pt minus 2.0pt
* \hoffset=-85.35826pt
* \voffset=-85.35826pt
* \mag=1000
* \@twocolumnfalse
* \@twosidefalse
* \@mparswitchfalse
* \@reversemarginfalse
* (1in=72.27pt=25.4mm, 1cm=28.453pt)


Package scrpage2 Warning: seems you are using a very small headheight.
(scrpage2)                If you get overfull \vbox warnings at almost every
(scrpage2)                page, you should increase headheight e.g. writing
(scrpage2)                 \setlength{\headheight}{1.1\baselineskip}
(scrpage2)                into the preamble of your document.
(scrpage2)                A better solution would be to use typearea package.

(./titlepage.tex) [1

{/var/lib/texmf/fonts/map/pdftex/updmap/pdftex.map}]
(./all.toc
LaTeX Font Info:    Try loading font information for U+msa on input line 7.
 (/usr/share/texlive/texmf-dist/tex/latex/amsfonts/umsa.fd
File: umsa.fd 2009/06/22 v3.00 AMS symbols A
)
LaTeX Font Info:    Try loading font information for U+msb on input line 7.

(/usr/share/texlive/texmf-dist/tex/latex/amsfonts/umsb.fd
File: umsb.fd 2009/06/22 v3.00 AMS symbols B
)
Overfull \vbox (6.78236pt too high) has occurred while \output is active []


[1])
\tf@toc=\write4
\openout4 = `all.toc'.

 (./all.lof)
\tf@lof=\write5
\openout5 = `all.lof'.


Overfull \vbox (6.78236pt too high) has occurred while \output is active []


[2]
Overfull \vbox (6.78236pt too high) has occurred while \output is active []

pdfTeX warning (ext4): destination with the same identifier (name{page.1}) has 
been already used, duplicate ignored
<to be read again> 
                   \relax 
l.164 \newpage
               [1] (./phase1/group1/group1_phase1.tex
LaTeX Font Info:    Try loading font information for OMS+cmr on input line 8.

(/usr/share/texlive/texmf-dist/tex/latex/base/omscmr.fd
File: omscmr.fd 1999/05/25 v2.5h Standard LaTeX font definitions
)
LaTeX Font Info:    Font shape `OMS/cmr/m/n' in size <10.95> not available
(Font)              Font shape `OMS/cmsy/m/n' tried instead on input line 8.
Missing character: There is no â in font cmr10!
Missing character: There is no € in font cmr10!
Missing character: There is no ™ in font cmr10!

Overfull \vbox (6.78236pt too high) has occurred while \output is active []


[2]

Package natbib Warning: Citation `carrion2010' on page 3 undefined on input lin
e 18.


Package caption Warning: \label without proper \caption on input line 41.
See the caption package documentation for explanation.


LaTeX Warning: Reference `fig:neighbours3d' on page 3 undefined on input line 3
4.

<phase1/group1/neighbours3d.png, id=225, 174.6525pt x 205.76875pt>
File: phase1/group1/neighbours3d.png Graphic file (type png)

<use phase1/group1/neighbours3d.png>
Package pdftex.def Info: phase1/group1/neighbours3d.png used on input line 38.
(pdftex.def)             Requested size: 61.12929pt x 72.02013pt.


Package caption Warning: \label without proper \caption on input line 48.
See the caption package documentation for explanation.


LaTeX Warning: Reference `fig:neighbours2d' on page 3 undefined on input line 4
2.

<phase1/group1/neighbours2d.png, id=227, 113.73639pt x 63.26587pt>
File: phase1/group1/neighbours2d.png Graphic file (type png)

<use phase1/group1/neighbours2d.png>
Package pdftex.def Info: phase1/group1/neighbours2d.png used on input line 45.
(pdftex.def)             Requested size: 90.98921pt x 50.61275pt.

Overfull \hbox (0.7335pt too wide) in paragraph at lines 34--50
 \OT1/cmr/bx/n/10.95 3.1.0.1 Cal-cu-late neigh-bour-ing build-ings[] \OT1/cmr/m
/n/10.95 The cal-cu-la-tion of neigh-bour-ing build-ings is done,
 []


Overfull \vbox (6.78236pt too high) has occurred while \output is active []


[3]

Package caption Warning: \label without proper \caption on input line 59.
See the caption package documentation for explanation.


LaTeX Warning: Reference `fig:rotation_matrix' on page 4 undefined on input lin
e 53.

<phase1/group1/rotation_matrix.png, id=239, 191.21437pt x 93.13144pt>
File: phase1/group1/rotation_matrix.png Graphic file (type png)

<use phase1/group1/rotation_matrix.png>
Package pdftex.def Info: phase1/group1/rotation_matrix.png used on input line 5
6.
(pdftex.def)             Requested size: 95.60695pt x 46.5656pt.

(/usr/share/texlive/texmf-dist/tex/latex/listings/lstlang1.sty
File: lstlang1.sty 2004/09/05 1.3 listings language file
)
Underfull \hbox (badness 10000) in paragraph at lines 52--61

 []


Overfull \vbox (6.78236pt too high) has occurred while \output is active []


[4 <./phase1/group1/neighbours3d.png> <./phase1/group1/neighbours2d.png> <./pha
se1/group1/rotation_matrix.png (PNG copy)>]

Package caption Warning: \label without proper \caption on input line 87.
See the caption package documentation for explanation.


LaTeX Warning: Reference `table:result shared wall surfaces' on page 5 undefine
d on input line 73.


Overfull \vbox (6.78236pt too high) has occurred while \output is active []


[5]

Package caption Warning: \label without proper \caption on input line 108.
See the caption package documentation for explanation.


LaTeX Warning: Reference `fig:build_h' on page 6 undefined on input line 101.

<phase1/group1/build_h.png, id=267, 424.58624pt x 403.5075pt>
File: phase1/group1/build_h.png Graphic file (type png)

<use phase1/group1/build_h.png>
Package pdftex.def Info: phase1/group1/build_h.png used on input line 104.
(pdftex.def)             Requested size: 127.37685pt x 121.05318pt.
Missing character: There is no â in font cmr10!
Missing character: There is no € in font cmr10!
Missing character: There is no ™ in font cmr10!


Package caption Warning: \label without proper \caption on input line 118.
See the caption package documentation for explanation.


LaTeX Warning: Reference `fig:fme' on page 6 undefined on input line 110.

<phase1/group1/fme.png, id=269, 462.97969pt x 390.70969pt>
File: phase1/group1/fme.png Graphic file (type png)

<use phase1/group1/fme.png>
Package pdftex.def Info: phase1/group1/fme.png used on input line 114.
(pdftex.def)             Requested size: 138.89497pt x 117.2138pt.


LaTeX Warning: `h' float specifier changed to `ht'.


Overfull \vbox (6.78236pt too high) has occurred while \output is active []


[6 <./phase1/group1/build_h.png>]

Package caption Warning: \label without proper \caption on input line 137.
See the caption package documentation for explanation.


LaTeX Warning: Reference `fig:arcmap_raster' on page 7 undefined on input line 
126.

<phase1/group1/raster_ground.jpg, id=281, 560.0925pt x 508.90125pt>
File: phase1/group1/raster_ground.jpg Graphic file (type jpg)

<use phase1/group1/raster_ground.jpg>
Package pdftex.def Info: phase1/group1/raster_ground.jpg used on input line 129
.
(pdftex.def)             Requested size: 56.01253pt x 50.8931pt.

<phase1/group1/raster_roof.jpg, id=282, 562.1pt x 516.93124pt>
File: phase1/group1/raster_roof.jpg Graphic file (type jpg)

<use phase1/group1/raster_roof.jpg>
Package pdftex.def Info: phase1/group1/raster_roof.jpg used on input line 130.
(pdftex.def)             Requested size: 56.21329pt x 51.69615pt.

<phase1/group1/raster_diff.jpg, id=283, 566.115pt x 519.9425pt>
File: phase1/group1/raster_diff.jpg Graphic file (type jpg)

<use phase1/group1/raster_diff.jpg>
Package pdftex.def Info: phase1/group1/raster_diff.jpg used on input line 131.
(pdftex.def)             Requested size: 56.6148pt x 51.99728pt.

<phase1/group1/arcscene_tin.jpg, id=284, 568.1225pt x 548.0475pt>
File: phase1/group1/arcscene_tin.jpg Graphic file (type jpg)

<use phase1/group1/arcscene_tin.jpg>
Package pdftex.def Info: phase1/group1/arcscene_tin.jpg used on input line 132.

(pdftex.def)             Requested size: 56.81557pt x 54.80795pt.

<phase1/group1/modelbuilder.jpg, id=285, 916.42375pt x 572.1375pt>
File: phase1/group1/modelbuilder.jpg Graphic file (type jpg)

<use phase1/group1/modelbuilder.jpg>
Package pdftex.def Info: phase1/group1/modelbuilder.jpg used on input line 133.

(pdftex.def)             Requested size: 91.64774pt x 57.21709pt.


Package caption Warning: \label without proper \caption on input line 154.
See the caption package documentation for explanation.


LaTeX Warning: Reference `table:comparison_volume' on page 7 undefined on input
 line 140.

)
Overfull \vbox (6.78236pt too high) has occurred while \output is active []


[7 <./phase1/group1/fme.png> <./phase1/group1/raster_ground.jpg> <./phase1/grou
p1/raster_roof.jpg> <./phase1/group1/raster_diff.jpg> <./phase1/group1/arcscene
_tin.jpg> <./phase1/group1/modelbuilder.jpg>]
Overfull \vbox (6.78236pt too high) has occurred while \output is active []


[8] (./phase2/group1/group1_phase2.tex
Missing character: There is no â in font cmr10!
Missing character: There is no € in font cmr10!
Missing character: There is no ™ in font cmr10!

Overfull \vbox (6.78236pt too high) has occurred while \output is active []


[9]

Package caption Warning: \label without proper \caption on input line 21.
See the caption package documentation for explanation.


LaTeX Warning: Reference `fig:storeyHeight' on page 10 undefined on input line 
17.

<phase2/group1/storey_height.jpg, id=309, 515.67656pt x 257.46187pt>
File: phase2/group1/storey_height.jpg Graphic file (type jpg)

<use phase2/group1/storey_height.jpg>
Package pdftex.def Info: phase2/group1/storey_height.jpg used on input line 20.

(pdftex.def)             Requested size: 257.83765pt x 128.7306pt.


Package caption Warning: \label without proper \caption on input line 33.
See the caption package documentation for explanation.


LaTeX Warning: Reference `fig:uValues' on page 10 undefined on input line 29.


Package caption Warning: \label without proper \caption on input line 39.
See the caption package documentation for explanation.


LaTeX Warning: Reference `fig:uValuesTable' on page 10 undefined on input line 
29.

<phase2/group1/U-Values.jpg, id=313, 597.73312pt x 511.15968pt>
File: phase2/group1/U-Values.jpg Graphic file (type jpg)

<use phase2/group1/U-Values.jpg>
Package pdftex.def Info: phase2/group1/U-Values.jpg used on input line 32.
(pdftex.def)             Requested size: 239.089pt x 204.46024pt.

<phase2/group1/u-values_table.jpg, id=314, 514.17094pt x 274.77657pt>
File: phase2/group1/u-values_table.jpg Graphic file (type jpg)

<use phase2/group1/u-values_table.jpg>
Package pdftex.def Info: phase2/group1/u-values_table.jpg used on input line 38
.
(pdftex.def)             Requested size: 303.35823pt x 162.11676pt.


LaTeX Warning: `h' float specifier changed to `ht'.


LaTeX Warning: `h' float specifier changed to `ht'.


Overfull \vbox (6.78236pt too high) has occurred while \output is active []


[10 <./phase2/group1/storey_height.jpg>]
Overfull \vbox (6.78236pt too high) has occurred while \output is active []


[11 <./phase2/group1/U-Values.jpg> <./phase2/group1/u-values_table.jpg>]
Overfull \vbox (6.78236pt too high) has occurred while \output is active []


[12]
Underfull \hbox (badness 10000) in paragraph at lines 148--149

 []


Underfull \hbox (badness 10000) in paragraph at lines 149--150

 []


Overfull \vbox (6.78236pt too high) has occurred while \output is active []


[13]
Underfull \hbox (badness 10000) in paragraph at lines 157--158

 []


Overfull \hbox (33.88403pt too wide) in paragraph at lines 164--173
 [][] 
 []


Package caption Warning: \label without proper \caption on input line 181.
See the caption package documentation for explanation.


LaTeX Warning: Reference `fig:changeArea' on page 14 undefined on input line 17
7.

<phase2/group1/change_area.png, id=358, 457.71pt x 373.395pt>
File: phase2/group1/change_area.png Graphic file (type png)

<use phase2/group1/change_area.png>
Package pdftex.def Info: phase2/group1/change_area.png used on input line 180.
(pdftex.def)             Requested size: 228.85445pt x 186.69704pt.


Package caption Warning: \label without proper \caption on input line 188.
See the caption package documentation for explanation.


LaTeX Warning: Reference `fig:changeParameter' on page 14 undefined on input li
ne 184.

<phase2/group1/change_param.png, id=360, 458.71375pt x 373.395pt>
File: phase2/group1/change_param.png Graphic file (type png)

<use phase2/group1/change_param.png>
Package pdftex.def Info: phase2/group1/change_param.png used on input line 187.

(pdftex.def)             Requested size: 229.35631pt x 186.69704pt.


LaTeX Warning: `h' float specifier changed to `ht'.


LaTeX Warning: `h' float specifier changed to `ht'.

)
Overfull \vbox (6.78236pt too high) has occurred while \output is active []


[14]
Overfull \vbox (6.78236pt too high) has occurred while \output is active []


[15 <./phase2/group1/change_area.png> <./phase2/group1/change_param.png>]
(./phase2/group2/report_gr2_ph2.tex (./phase2/group2/include/introduction.tex
<phase2/group2/figure/workflow.png, id=377, 410.2828pt x 700.86844pt>
File: phase2/group2/figure/workflow.png Graphic file (type png)

<use phase2/group2/figure/workflow.png>
Package pdftex.def Info: phase2/group2/figure/workflow.png used on input line 1
5.
(pdftex.def)             Requested size: 234.73523pt x 400.98569pt.


LaTeX Warning: Citation `solaratlas' on page 16 undefined on input line 20.

)
Overfull \vbox (6.78236pt too high) has occurred while \output is active []


[16] (./phase2/group2/include/pv_basics.tex

LaTeX Warning: Citation `Wagner2010' on page 17 undefined on input line 3.


Underfull \hbox (badness 10000) in paragraph at lines 3--4

 []


Overfull \vbox (6.78236pt too high) has occurred while \output is active []


[17 <./phase2/group2/figure/workflow.png (PNG copy)>]
<phase2/group2/figure/pv-system-configuration.png, id=387, 263.48438pt x 205.51
78pt>
File: phase2/group2/figure/pv-system-configuration.png Graphic file (type png)
 <use phase2/group2/figure/pv-system-configuration.png>
Package pdftex.def Info: phase2/group2/figure/pv-system-configuration.png used 
on input line 7.
(pdftex.def)             Requested size: 328.62788pt x 256.34155pt.
)
(./phase2/group2/include/st_basics.tex

LaTeX Warning: Citation `Kalogirou' on page 18 undefined on input line 3.


Overfull \vbox (6.78236pt too high) has occurred while \output is active []


[18 <./phase2/group2/figure/pv-system-configuration.png>])
(./phase2/group2/include/global_irradiance.tex
Overfull \vbox (6.78236pt too high) has occurred while \output is active []


[19]
<phase2/group2/figure/table_global_radiation.png, id=401, 502.87875pt x 234.877
5pt>
File: phase2/group2/figure/table_global_radiation.png Graphic file (type png)
 <use phase2/group2/figure/table_global_radiation.png>
Package pdftex.def Info: phase2/group2/figure/table_global_radiation.png used o
n input line 31.
(pdftex.def)             Requested size: 422.52054pt x 197.34233pt.
)
(./phase2/group2/include/roofarea.tex
Overfull \vbox (6.78236pt too high) has occurred while \output is active []


[20]) (./phase2/group2/include/shadowing.tex
Missing character: There is no Â in font cmr10!
Missing character: There is no ° in font cmr10!
Missing character: There is no Â in font cmr10!
Missing character: There is no ° in font cmr10!

Overfull \vbox (6.78236pt too high) has occurred while \output is active []


[21 <./phase2/group2/figure/table_global_radiation.png>]
Overfull \vbox (6.78236pt too high) has occurred while \output is active []


[22] <phase2/group2/figure/fig_shadow.png, id=425, 606.265pt x 282.05376pt>
File: phase2/group2/figure/fig_shadow.png Graphic file (type png)

<use phase2/group2/figure/fig_shadow.png>
Package pdftex.def Info: phase2/group2/figure/fig_shadow.png used on input line
 8.
(pdftex.def)             Requested size: 328.62788pt x 152.88776pt.
)
(./phase2/group2/include/calculation_potential.tex
<phase2/group2/figure/flatroofreduction.png, id=428, 708.6475pt x 461.725pt>
File: phase2/group2/figure/flatroofreduction.png Graphic file (type png)

<use phase2/group2/figure/flatroofreduction.png>
Package pdftex.def Info: phase2/group2/figure/flatroofreduction.png used on inp
ut line 7.
(pdftex.def)             Requested size: 234.73523pt x 152.94038pt.


LaTeX Warning: Citation `solaratlas' on page 23 undefined on input line 11.


Overfull \vbox (6.78236pt too high) has occurred while \output is active []


[23 <./phase2/group2/figure/fig_shadow.png>]
(./phase2/group2/include/calculation_potovoltaic.tex

LaTeX Warning: Citation `Wagner2010' on page 24 undefined on input line 2.


Overfull \vbox (6.78236pt too high) has occurred while \output is active []


[24 <./phase2/group2/figure/flatroofreduction.png>]

LaTeX Warning: Citation `BPSolar' on page 25 undefined on input line 18.


LaTeX Warning: Citation `SunPower' on page 25 undefined on input line 18.


Underfull \hbox (badness 10000) in paragraph at lines 18--20

 []


Overfull \vbox (6.78236pt too high) has occurred while \output is active []


[25]) (./phase2/group2/include/calculation_solarthermal.tex

LaTeX Warning: Citation `struckmann2008' on page 26 undefined on input line 2.

<phase2/group2/figure/st_module.png, id=446, 687.56876pt x 558.085pt>
File: phase2/group2/figure/st_module.png Graphic file (type png)

<use phase2/group2/figure/st_module.png>
Package pdftex.def Info: phase2/group2/figure/st_module.png used on input line 
20.
(pdftex.def)             Requested size: 234.73523pt x 190.52983pt.


LaTeX Warning: Citation `sunmaxx' on page 26 undefined on input line 25.


Overfull \hbox (1.0455pt too wide) in paragraph at lines 25--26
[]\OT1/cmr/m/n/10.95 For the cal-cu-la-tion of the po-ten-tial a stan-dard so-l
ar ther-mal mod-ule has been taken, the TitanPower-
 []


Overfull \vbox (6.78236pt too high) has occurred while \output is active []


[26])) (./phase2/group2/include/result.tex
Overfull \vbox (6.78236pt too high) has occurred while \output is active []


[27 <./phase2/group2/figure/st_module.png>])
(./phase2/group2/include/conclusion.tex)
(./phase2/group2/include/future_work.tex)
Overfull \vbox (6.78236pt too high) has occurred while \output is active []


[28])
Overfull \vbox (6.78236pt too high) has occurred while \output is active []


[29]
Overfull \vbox (6.78236pt too high) has occurred while \output is active []


[30]
No file all.bbl.

Package natbib Warning: There were undefined citations.

Package atveryend Info: Empty hook `BeforeClearDocument' on input line 191.
Package atveryend Info: Empty hook `AfterLastShipout' on input line 191.
(./all.aux)
Package atveryend Info: Executing hook `AtVeryEndDocument' on input line 191.
Package atveryend Info: Executing hook `AtEndAfterFileList' on input line 191.
Package rerunfilecheck Info: File `all.out' has not changed.
(rerunfilecheck)             Checksum: 5C80FBD0E9759CC11DBD61B79D6A2334;2148.


LaTeX Warning: There were undefined references.


LaTeX Warning: Label(s) may have changed. Rerun to get cross-references right.

Package atveryend Info: Empty hook `AtVeryVeryEnd' on input line 191.
 ) 
Here is how much of TeX's memory you used:
 10065 strings out of 495059
 150042 string characters out of 3182031
 275567 words of memory out of 3000000
 12911 multiletter control sequences out of 15000+200000
 11457 words of font info for 43 fonts, out of 3000000 for 9000
 14 hyphenation exceptions out of 8191
 44i,13n,42p,1489b,1040s stack positions out of 5000i,500n,10000p,200000b,50000s
</usr/share/texlive/texmf-dist/fonts/type1/public/amsfonts/cm/cmbx10.pfb></us
r/share/texlive/texmf-dist/fonts/type1/public/amsfonts/cm/cmbx12.pfb></usr/shar
e/texlive/texmf-dist/fonts/type1/public/amsfonts/cm/cmex10.pfb></usr/share/texl
ive/texmf-dist/fonts/type1/public/amsfonts/cm/cmmi10.pfb></usr/share/texlive/te
xmf-dist/fonts/type1/public/amsfonts/cm/cmmi8.pfb></usr/share/texlive/texmf-dis
t/fonts/type1/public/amsfonts/cm/cmr10.pfb></usr/share/texlive/texmf-dist/fonts
/type1/public/amsfonts/cm/cmr8.pfb></usr/share/texlive/texmf-dist/fonts/type1/p
ublic/amsfonts/cm/cmsl10.pfb></usr/share/texlive/texmf-dist/fonts/type1/public/
amsfonts/cm/cmsy10.pfb></usr/share/texlive/texmf-dist/fonts/type1/public/amsfon
ts/cm/cmsy8.pfb></usr/share/texlive/texmf-dist/fonts/type1/public/amsfonts/cm/c
mti10.pfb>
Output written on all.pdf (33 pages, 1127411 bytes).
PDF statistics:
 538 PDF objects out of 1000 (max. 8388607)
 460 compressed objects within 5 object streams
 133 named destinations out of 1000 (max. 500000)
 362 words of extra memory for PDF output out of 10000 (max. 10000000)

