\BOOKMARK [1][-]{section*.1}{List of Figures}{}% 1
\BOOKMARK [1][-]{section*.2}{List of Tables}{}% 2
\BOOKMARK [0][-]{part.1}{I Data Acquisition, Data Integration and Creation of LOD3 model}{}% 3
\BOOKMARK [1][-]{section.1}{Introduction}{part.1}% 4
\BOOKMARK [1][-]{section.2}{Data Analysis}{part.1}% 5
\BOOKMARK [1][-]{section.3}{Geometry Analysis}{part.1}% 6
\BOOKMARK [2][-]{subsection.3.1}{Calculation of wall-surface intersection}{section.3}% 7
\BOOKMARK [2][-]{subsection.3.2}{Geometry Analysis - Building Volume}{section.3}% 8
\BOOKMARK [0][-]{part.2}{II Estimation of Energy Consumption and Energy Demand}{}% 9
\BOOKMARK [1][-]{section.4}{Introduction}{part.2}% 10
\BOOKMARK [1][-]{section.5}{Input values}{part.2}% 11
\BOOKMARK [1][-]{section.6}{Demand of effective energy for heating}{part.2}% 12
\BOOKMARK [1][-]{section.7}{Demand of effective energy for warmwater}{part.2}% 13
\BOOKMARK [1][-]{section.8}{Result}{part.2}% 14
\BOOKMARK [1][-]{section.9}{Discussion}{part.2}% 15
\BOOKMARK [1][-]{section.10}{Introduction}{part.2}% 16
\BOOKMARK [2][-]{subsection.10.1}{Work Flow}{section.10}% 17
\BOOKMARK [2][-]{subsection.10.2}{Related Work}{section.10}% 18
\BOOKMARK [1][-]{section.11}{Fundamentals of Photovoltaik systems}{part.2}% 19
\BOOKMARK [1][-]{section.12}{Fundamentals of Solar thermal systems}{part.2}% 20
\BOOKMARK [1][-]{section.13}{Global Irradiance}{part.2}% 21
\BOOKMARK [2][-]{subsection.13.1}{Orientation of the roof}{section.13}% 22
\BOOKMARK [2][-]{subsection.13.2}{Inclination of the roof}{section.13}% 23
\BOOKMARK [2][-]{subsection.13.3}{Satel-Light Database}{section.13}% 24
\BOOKMARK [1][-]{section.14}{Reduction of Roof Surface Area due to Roof Equipment}{part.2}% 25
\BOOKMARK [1][-]{section.15}{Shadowing}{part.2}% 26
\BOOKMARK [1][-]{section.16}{Calculation of the potential}{part.2}% 27
\BOOKMARK [2][-]{subsection.16.1}{Potential of Photovoltiac systems}{section.16}% 28
\BOOKMARK [2][-]{subsection.16.2}{Solar Thermal}{section.16}% 29
\BOOKMARK [1][-]{section.17}{Validation of Result}{part.2}% 30
\BOOKMARK [1][-]{section.18}{Conclusion}{part.2}% 31
\BOOKMARK [1][-]{section.19}{Future Work}{part.2}% 32
